<?xml version="1.0" encoding="UTF-8"?>
<!-- Generated by org.testng.reporters.JUnitReportReporter -->
<testsuite hostname="MusaKalim" failures="0" tests="1" name="JavaCodingFinal.FibunacciNumber" time="0.009" errors="0" timestamp="02 Oct 2023 16:45:26 GMT" skipped="0">
  <testcase classname="JavaCodingFinal.FibunacciNumber" name="fibunacciNumber" time="0.009"/>
</testsuite> <!-- JavaCodingFinal.FibunacciNumber -->
