<?xml version="1.0" encoding="UTF-8"?>
<!-- Generated by org.testng.reporters.JUnitReportReporter -->
<testsuite hostname="MusaKalim" failures="0" tests="1" name="automation.challengesFinal.API_Auth_Test" time="1.662" errors="0" timestamp="23 Sep 2023 22:46:34 GMT" skipped="0">
  <testcase classname="automation.challengesFinal.API_Auth_Test" name="basicPreemptiveAuthticantion" time="1.662"/>
</testsuite> <!-- automation.challengesFinal.API_Auth_Test -->
