<?xml version="1.0" encoding="UTF-8"?>
<!-- Generated by org.testng.reporters.JUnitReportReporter -->
<testsuite hostname="MusaKalim" failures="0" tests="3" name="testNG.challenges.EnableTrueFalse" time="0.010" errors="0" timestamp="28 Sep 2023 01:07:49 GMT" skipped="1">
  <testcase classname="testNG.challenges.EnableTrueFalse" name="getBeforeClass3" time="0.002"/>
  <testcase classname="testNG.challenges.EnableTrueFalse" name="getBeforeClass1" time="0.008"/>
  <testcase classname="testNG.challenges.EnableTrueFalse" name="getBeforeClass2">
    <skipped/>
  </testcase> <!-- getBeforeClass2 -->
</testsuite> <!-- testNG.challenges.EnableTrueFalse -->
