<?xml version="1.0" encoding="UTF-8"?>
<!-- Generated by org.testng.reporters.JUnitReportReporter -->
<testsuite hostname="MusaKalim" failures="0" tests="1" name="JavaCodingFinal.FibunacciNumber" time="0.012" errors="0" timestamp="26 Aug 2023 23:14:18 GMT" skipped="0">
  <testcase classname="JavaCodingFinal.FibunacciNumber" name="fibunacciNumber" time="0.012"/>
</testsuite> <!-- JavaCodingFinal.FibunacciNumber -->
