<?xml version="1.0" encoding="UTF-8"?>
<!-- Generated by org.testng.reporters.JUnitReportReporter -->
<testsuite hostname="MusaKalim" failures="0" tests="1" name="JavaCodingFinal.SortDataFromArrayList" time="0.043" errors="0" timestamp="27 Aug 2023 17:44:42 GMT" skipped="0">
  <testcase classname="JavaCodingFinal.SortDataFromArrayList" name="getSortedData" time="0.043"/>
</testsuite> <!-- JavaCodingFinal.SortDataFromArrayList -->
