<?xml version="1.0" encoding="UTF-8"?>
<!-- Generated by org.testng.reporters.JUnitReportReporter -->
<testsuite hostname="MusaKalim" failures="0" tests="1" name="JavaCodingFinal.PracticeA" time="0.011" errors="0" timestamp="26 Aug 2023 20:08:39 GMT" skipped="0">
  <testcase classname="JavaCodingFinal.PracticeA" name="mergeArray" time="0.011"/>
</testsuite> <!-- JavaCodingFinal.PracticeA -->
