<?xml version="1.0" encoding="UTF-8"?>
<!-- Generated by org.testng.reporters.JUnitReportReporter -->
<testsuite hostname="MusaKalim" failures="0" tests="1" name="JavaCodingFinal.RemoveSpecialCharacters" time="0.022" errors="0" timestamp="27 Aug 2023 17:19:51 GMT" skipped="0">
  <testcase classname="JavaCodingFinal.RemoveSpecialCharacters" name="getRemoveSpecialChar" time="0.022"/>
</testsuite> <!-- JavaCodingFinal.RemoveSpecialCharacters -->
