<?xml version="1.0" encoding="UTF-8"?>
<!-- Generated by org.testng.reporters.JUnitReportReporter -->
<testsuite hostname="MusaKalim" failures="0" tests="1" name="JavaCodingFinal.Vowels" time="0.010" errors="0" timestamp="24 Oct 2023 05:02:34 GMT" skipped="0">
  <testcase classname="JavaCodingFinal.Vowels" name="getFindVowels" time="0.010"/>
</testsuite> <!-- JavaCodingFinal.Vowels -->
