<?xml version="1.0" encoding="UTF-8"?>
<!-- Generated by org.testng.reporters.JUnitReportReporter -->
<testsuite hostname="MusaKalim" failures="0" tests="10" name="testNG.challenges.InvocationCount" time="0.021" errors="0" timestamp="28 Sep 2023 01:12:31 GMT" skipped="0">
  <testcase classname="testNG.challenges.InvocationCount" name="getBeforeClass" time="0.001"/>
  <testcase classname="testNG.challenges.InvocationCount" name="getBeforeClass" time="0.001"/>
  <testcase classname="testNG.challenges.InvocationCount" name="getBeforeClass" time="0.001"/>
  <testcase classname="testNG.challenges.InvocationCount" name="getBeforeClass" time="0.009"/>
  <testcase classname="testNG.challenges.InvocationCount" name="getBeforeClass" time="0.001"/>
  <testcase classname="testNG.challenges.InvocationCount" name="getBeforeClass" time="0.002"/>
  <testcase classname="testNG.challenges.InvocationCount" name="getBeforeClass" time="0.002"/>
  <testcase classname="testNG.challenges.InvocationCount" name="getBeforeClass" time="0.001"/>
  <testcase classname="testNG.challenges.InvocationCount" name="getBeforeClass" time="0.002"/>
  <testcase classname="testNG.challenges.InvocationCount" name="getBeforeClass" time="0.001"/>
</testsuite> <!-- testNG.challenges.InvocationCount -->
