<?xml version="1.0" encoding="UTF-8"?>
<!-- Generated by org.testng.reporters.JUnitReportReporter -->
<testsuite hostname="MusaKalim" failures="0" tests="1" name="JavaCodingFinal.DuplicateCharacterFromString" time="0.012" errors="0" timestamp="27 Aug 2023 16:33:51 GMT" skipped="0">
  <testcase classname="JavaCodingFinal.DuplicateCharacterFromString" name="dupCharacter" time="0.012"/>
</testsuite> <!-- JavaCodingFinal.DuplicateCharacterFromString -->
